2023-04-20 23:56:52,477 - INFO - Se inició la aplicacion
2023-04-20 23:56:54,540 - INFO - Se inició la aplicacion
2023-04-21 00:00:18,973 - INFO - Se inició la aplicacion
2023-04-21 00:01:37,936 - INFO - Se inició la aplicacion
2023-04-21 00:01:40,831 - INFO - Se inició la aplicacion
2023-04-21 00:06:14,155 - INFO - Se inició la aplicacion
2023-04-21 00:22:16,498 - INFO - Inicio sesion el usuario Jonathan
2023-04-21 00:22:16,498 - INFO - Inicio sesion el usuario Jonathan
2023-04-21 00:22:18,917 - INFO - Cerro sesion el usuario Jonathan
2023-04-21 00:22:18,917 - INFO - Cerro sesion el usuario Jonathan
2023-04-21 00:22:18,917 - INFO - Cerro sesion el usuario Jonathan
2023-04-21 01:42:10,444 - INFO - Inicio sesion el usuario Jonathan
2023-04-21 01:42:10,444 - INFO - Inicio sesion el usuario Jonathan
2023-04-21 01:42:10,444 - INFO - Inicio sesion el usuario Jonathan
2023-04-21 01:42:10,444 - INFO - Inicio sesion el usuario Jonathan
2023-04-21 01:44:17,677 - INFO - Inicio sesion el usuario Jonathan
2023-04-21 01:44:17,677 - INFO - Inicio sesion el usuario Jonathan
2023-04-21 01:44:17,677 - INFO - Inicio sesion el usuario Jonathan
2023-04-21 01:44:17,677 - INFO - Inicio sesion el usuario Jonathan
2023-04-21 01:44:17,677 - INFO - Inicio sesion el usuario Jonathan
2023-04-21 01:44:20,419 - INFO - Ingreso al módulo de usuarios. Usuario: Jonathan
2023-04-21 01:44:20,419 - INFO - Ingreso al módulo de usuarios. Usuario: Jonathan
2023-04-21 01:44:20,419 - INFO - Ingreso al módulo de usuarios. Usuario: Jonathan
2023-04-21 01:44:20,419 - INFO - Ingreso al módulo de usuarios. Usuario: Jonathan
2023-04-21 01:44:20,419 - INFO - Ingreso al módulo de usuarios. Usuario: Jonathan
2023-04-21 01:44:20,419 - INFO - Ingreso al módulo de usuarios. Usuario: Jonathan
2023-04-21 01:44:24,669 - INFO - El usuario Jonathan visualizo el formulario para modificar un usuario
2023-04-21 01:44:24,669 - INFO - El usuario Jonathan visualizo el formulario para modificar un usuario
2023-04-21 01:44:24,669 - INFO - El usuario Jonathan visualizo el formulario para modificar un usuario
2023-04-21 01:44:24,669 - INFO - El usuario Jonathan visualizo el formulario para modificar un usuario
2023-04-21 01:44:24,669 - INFO - El usuario Jonathan visualizo el formulario para modificar un usuario
2023-04-21 01:44:24,669 - INFO - El usuario Jonathan visualizo el formulario para modificar un usuario
2023-04-21 01:44:24,669 - INFO - El usuario Jonathan visualizo el formulario para modificar un usuario
2023-04-21 01:53:05,758 - INFO - El usuario Jonathan visualizo el formulario para modificar un usuario
2023-04-21 01:53:05,758 - INFO - El usuario Jonathan visualizo el formulario para modificar un usuario
2023-04-21 01:53:05,758 - INFO - El usuario Jonathan visualizo el formulario para modificar un usuario
2023-04-21 01:53:05,758 - INFO - El usuario Jonathan visualizo el formulario para modificar un usuario
2023-04-21 01:53:05,758 - INFO - El usuario Jonathan visualizo el formulario para modificar un usuario
2023-04-21 01:53:05,758 - INFO - El usuario Jonathan visualizo el formulario para modificar un usuario
2023-04-21 01:53:05,758 - INFO - El usuario Jonathan visualizo el formulario para modificar un usuario
2023-04-21 01:53:05,758 - INFO - El usuario Jonathan visualizo el formulario para modificar un usuario
2023-04-21 01:53:07,892 - INFO - Cerro sesion el usuario Jonathan
2023-04-21 01:53:07,892 - INFO - Cerro sesion el usuario Jonathan
2023-04-21 01:53:07,892 - INFO - Cerro sesion el usuario Jonathan
2023-04-21 01:53:07,892 - INFO - Cerro sesion el usuario Jonathan
2023-04-21 01:53:07,892 - INFO - Cerro sesion el usuario Jonathan
2023-04-21 01:53:07,892 - INFO - Cerro sesion el usuario Jonathan
2023-04-21 01:53:07,892 - INFO - Cerro sesion el usuario Jonathan
2023-04-21 01:53:07,892 - INFO - Cerro sesion el usuario Jonathan
2023-04-21 01:53:07,892 - INFO - Cerro sesion el usuario Jonathan
2023-04-21 01:53:32,038 - INFO - Inicio sesion el usuario Jonathan
2023-04-21 01:53:32,038 - INFO - Inicio sesion el usuario Jonathan
2023-04-21 01:53:32,038 - INFO - Inicio sesion el usuario Jonathan
2023-04-21 01:53:32,038 - INFO - Inicio sesion el usuario Jonathan
2023-04-21 01:53:32,038 - INFO - Inicio sesion el usuario Jonathan
2023-04-21 01:53:32,038 - INFO - Inicio sesion el usuario Jonathan
2023-04-21 01:53:32,038 - INFO - Inicio sesion el usuario Jonathan
2023-04-21 01:53:32,038 - INFO - Inicio sesion el usuario Jonathan
2023-04-21 01:53:32,038 - INFO - Inicio sesion el usuario Jonathan
2023-04-21 01:53:32,038 - INFO - Inicio sesion el usuario Jonathan
2023-04-21 01:53:34,153 - INFO - Ingreso al módulo de usuarios. Usuario: Jonathan
2023-04-21 01:53:34,153 - INFO - Ingreso al módulo de usuarios. Usuario: Jonathan
2023-04-21 01:53:34,153 - INFO - Ingreso al módulo de usuarios. Usuario: Jonathan
2023-04-21 01:53:34,153 - INFO - Ingreso al módulo de usuarios. Usuario: Jonathan
2023-04-21 01:53:34,153 - INFO - Ingreso al módulo de usuarios. Usuario: Jonathan
2023-04-21 01:53:34,153 - INFO - Ingreso al módulo de usuarios. Usuario: Jonathan
2023-04-21 01:53:34,153 - INFO - Ingreso al módulo de usuarios. Usuario: Jonathan
2023-04-21 01:53:34,153 - INFO - Ingreso al módulo de usuarios. Usuario: Jonathan
2023-04-21 01:53:34,153 - INFO - Ingreso al módulo de usuarios. Usuario: Jonathan
2023-04-21 01:53:34,153 - INFO - Ingreso al módulo de usuarios. Usuario: Jonathan
2023-04-21 01:53:34,153 - INFO - Ingreso al módulo de usuarios. Usuario: Jonathan
2023-04-21 01:53:35,291 - INFO - Ingreso al módulo de usuarios. Usuario: Jonathan
2023-04-21 01:53:35,291 - INFO - Ingreso al módulo de usuarios. Usuario: Jonathan
2023-04-21 01:53:35,291 - INFO - Ingreso al módulo de usuarios. Usuario: Jonathan
2023-04-21 01:53:35,291 - INFO - Ingreso al módulo de usuarios. Usuario: Jonathan
2023-04-21 01:53:35,291 - INFO - Ingreso al módulo de usuarios. Usuario: Jonathan
2023-04-21 01:53:35,291 - INFO - Ingreso al módulo de usuarios. Usuario: Jonathan
2023-04-21 01:53:35,291 - INFO - Ingreso al módulo de usuarios. Usuario: Jonathan
2023-04-21 01:53:35,291 - INFO - Ingreso al módulo de usuarios. Usuario: Jonathan
2023-04-21 01:53:35,291 - INFO - Ingreso al módulo de usuarios. Usuario: Jonathan
2023-04-21 01:53:35,291 - INFO - Ingreso al módulo de usuarios. Usuario: Jonathan
2023-04-21 01:53:35,291 - INFO - Ingreso al módulo de usuarios. Usuario: Jonathan
2023-04-21 01:53:35,291 - INFO - Ingreso al módulo de usuarios. Usuario: Jonathan
2023-04-21 01:53:37,381 - INFO - El usuario Jonathan visualizo el formulario para modificar un usuario
2023-04-21 01:53:37,381 - INFO - El usuario Jonathan visualizo el formulario para modificar un usuario
2023-04-21 01:53:37,381 - INFO - El usuario Jonathan visualizo el formulario para modificar un usuario
2023-04-21 01:53:37,381 - INFO - El usuario Jonathan visualizo el formulario para modificar un usuario
2023-04-21 01:53:37,381 - INFO - El usuario Jonathan visualizo el formulario para modificar un usuario
2023-04-21 01:53:37,381 - INFO - El usuario Jonathan visualizo el formulario para modificar un usuario
2023-04-21 01:53:37,381 - INFO - El usuario Jonathan visualizo el formulario para modificar un usuario
2023-04-21 01:53:37,381 - INFO - El usuario Jonathan visualizo el formulario para modificar un usuario
2023-04-21 01:53:37,381 - INFO - El usuario Jonathan visualizo el formulario para modificar un usuario
2023-04-21 01:53:37,381 - INFO - El usuario Jonathan visualizo el formulario para modificar un usuario
2023-04-21 01:53:37,381 - INFO - El usuario Jonathan visualizo el formulario para modificar un usuario
2023-04-21 01:53:37,381 - INFO - El usuario Jonathan visualizo el formulario para modificar un usuario
2023-04-21 01:53:37,381 - INFO - El usuario Jonathan visualizo el formulario para modificar un usuario
2023-04-21 02:05:37,592 - INFO - El usuario Jonathan visualizo el formulario para modificar un usuario
2023-04-21 02:05:37,592 - INFO - El usuario Jonathan visualizo el formulario para modificar un usuario
2023-04-21 02:05:37,592 - INFO - El usuario Jonathan visualizo el formulario para modificar un usuario
2023-04-21 02:05:37,592 - INFO - El usuario Jonathan visualizo el formulario para modificar un usuario
2023-04-21 02:05:37,592 - INFO - El usuario Jonathan visualizo el formulario para modificar un usuario
2023-04-21 02:05:37,592 - INFO - El usuario Jonathan visualizo el formulario para modificar un usuario
2023-04-21 02:05:37,592 - INFO - El usuario Jonathan visualizo el formulario para modificar un usuario
2023-04-21 02:05:37,592 - INFO - El usuario Jonathan visualizo el formulario para modificar un usuario
2023-04-21 02:05:37,592 - INFO - El usuario Jonathan visualizo el formulario para modificar un usuario
2023-04-21 02:05:37,592 - INFO - El usuario Jonathan visualizo el formulario para modificar un usuario
2023-04-21 02:05:37,592 - INFO - El usuario Jonathan visualizo el formulario para modificar un usuario
2023-04-21 02:05:37,592 - INFO - El usuario Jonathan visualizo el formulario para modificar un usuario
2023-04-21 02:05:37,592 - INFO - El usuario Jonathan visualizo el formulario para modificar un usuario
2023-04-21 02:05:37,592 - INFO - El usuario Jonathan visualizo el formulario para modificar un usuario
2023-04-21 02:05:56,370 - INFO - Ingreso al módulo de usuarios. Usuario: Jonathan
2023-04-21 02:05:56,370 - INFO - Ingreso al módulo de usuarios. Usuario: Jonathan
2023-04-21 02:05:56,370 - INFO - Ingreso al módulo de usuarios. Usuario: Jonathan
2023-04-21 02:05:56,370 - INFO - Ingreso al módulo de usuarios. Usuario: Jonathan
2023-04-21 02:05:56,370 - INFO - Ingreso al módulo de usuarios. Usuario: Jonathan
2023-04-21 02:05:56,370 - INFO - Ingreso al módulo de usuarios. Usuario: Jonathan
2023-04-21 02:05:56,370 - INFO - Ingreso al módulo de usuarios. Usuario: Jonathan
2023-04-21 02:05:56,370 - INFO - Ingreso al módulo de usuarios. Usuario: Jonathan
2023-04-21 02:05:56,370 - INFO - Ingreso al módulo de usuarios. Usuario: Jonathan
2023-04-21 02:05:56,370 - INFO - Ingreso al módulo de usuarios. Usuario: Jonathan
2023-04-21 02:05:56,370 - INFO - Ingreso al módulo de usuarios. Usuario: Jonathan
2023-04-21 02:05:56,370 - INFO - Ingreso al módulo de usuarios. Usuario: Jonathan
2023-04-21 02:05:56,370 - INFO - Ingreso al módulo de usuarios. Usuario: Jonathan
2023-04-21 02:05:56,370 - INFO - Ingreso al módulo de usuarios. Usuario: Jonathan
2023-04-21 02:05:56,370 - INFO - Ingreso al módulo de usuarios. Usuario: Jonathan
2023-04-21 02:07:18,807 - INFO - Ingreso al módulo de usuarios. Usuario: Jonathan
2023-04-21 02:07:18,807 - INFO - Ingreso al módulo de usuarios. Usuario: Jonathan
2023-04-21 02:07:18,807 - INFO - Ingreso al módulo de usuarios. Usuario: Jonathan
2023-04-21 02:07:18,807 - INFO - Ingreso al módulo de usuarios. Usuario: Jonathan
2023-04-21 02:07:18,807 - INFO - Ingreso al módulo de usuarios. Usuario: Jonathan
2023-04-21 02:07:18,807 - INFO - Ingreso al módulo de usuarios. Usuario: Jonathan
2023-04-21 02:07:18,807 - INFO - Ingreso al módulo de usuarios. Usuario: Jonathan
2023-04-21 02:07:18,807 - INFO - Ingreso al módulo de usuarios. Usuario: Jonathan
2023-04-21 02:07:18,807 - INFO - Ingreso al módulo de usuarios. Usuario: Jonathan
2023-04-21 02:07:18,807 - INFO - Ingreso al módulo de usuarios. Usuario: Jonathan
2023-04-21 02:07:18,807 - INFO - Ingreso al módulo de usuarios. Usuario: Jonathan
2023-04-21 02:07:18,807 - INFO - Ingreso al módulo de usuarios. Usuario: Jonathan
2023-04-21 02:07:18,807 - INFO - Ingreso al módulo de usuarios. Usuario: Jonathan
2023-04-21 02:07:18,807 - INFO - Ingreso al módulo de usuarios. Usuario: Jonathan
2023-04-21 02:07:18,807 - INFO - Ingreso al módulo de usuarios. Usuario: Jonathan
2023-04-21 02:07:18,807 - INFO - Ingreso al módulo de usuarios. Usuario: Jonathan
2023-04-21 02:07:21,986 - INFO - El usuario Jonathan visualizo el formulario para modificar un usuario
2023-04-21 02:07:21,986 - INFO - El usuario Jonathan visualizo el formulario para modificar un usuario
2023-04-21 02:07:21,986 - INFO - El usuario Jonathan visualizo el formulario para modificar un usuario
2023-04-21 02:07:21,986 - INFO - El usuario Jonathan visualizo el formulario para modificar un usuario
2023-04-21 02:07:21,986 - INFO - El usuario Jonathan visualizo el formulario para modificar un usuario
2023-04-21 02:07:21,986 - INFO - El usuario Jonathan visualizo el formulario para modificar un usuario
2023-04-21 02:07:21,986 - INFO - El usuario Jonathan visualizo el formulario para modificar un usuario
2023-04-21 02:07:21,986 - INFO - El usuario Jonathan visualizo el formulario para modificar un usuario
2023-04-21 02:07:21,986 - INFO - El usuario Jonathan visualizo el formulario para modificar un usuario
2023-04-21 02:07:21,986 - INFO - El usuario Jonathan visualizo el formulario para modificar un usuario
2023-04-21 02:07:21,986 - INFO - El usuario Jonathan visualizo el formulario para modificar un usuario
2023-04-21 02:07:21,986 - INFO - El usuario Jonathan visualizo el formulario para modificar un usuario
2023-04-21 02:07:21,986 - INFO - El usuario Jonathan visualizo el formulario para modificar un usuario
2023-04-21 02:07:21,986 - INFO - El usuario Jonathan visualizo el formulario para modificar un usuario
2023-04-21 02:07:21,986 - INFO - El usuario Jonathan visualizo el formulario para modificar un usuario
2023-04-21 02:07:21,986 - INFO - El usuario Jonathan visualizo el formulario para modificar un usuario
2023-04-21 02:07:21,986 - INFO - El usuario Jonathan visualizo el formulario para modificar un usuario
2023-04-21 02:07:23,762 - INFO - Ingreso al módulo de usuarios. Usuario: Jonathan
2023-04-21 02:07:23,762 - INFO - Ingreso al módulo de usuarios. Usuario: Jonathan
2023-04-21 02:07:23,762 - INFO - Ingreso al módulo de usuarios. Usuario: Jonathan
2023-04-21 02:07:23,762 - INFO - Ingreso al módulo de usuarios. Usuario: Jonathan
2023-04-21 02:07:23,762 - INFO - Ingreso al módulo de usuarios. Usuario: Jonathan
2023-04-21 02:07:23,762 - INFO - Ingreso al módulo de usuarios. Usuario: Jonathan
2023-04-21 02:07:23,762 - INFO - Ingreso al módulo de usuarios. Usuario: Jonathan
2023-04-21 02:07:23,762 - INFO - Ingreso al módulo de usuarios. Usuario: Jonathan
2023-04-21 02:07:23,762 - INFO - Ingreso al módulo de usuarios. Usuario: Jonathan
2023-04-21 02:07:23,762 - INFO - Ingreso al módulo de usuarios. Usuario: Jonathan
2023-04-21 02:07:23,762 - INFO - Ingreso al módulo de usuarios. Usuario: Jonathan
2023-04-21 02:07:23,762 - INFO - Ingreso al módulo de usuarios. Usuario: Jonathan
2023-04-21 02:07:23,762 - INFO - Ingreso al módulo de usuarios. Usuario: Jonathan
2023-04-21 02:07:23,762 - INFO - Ingreso al módulo de usuarios. Usuario: Jonathan
2023-04-21 02:07:23,762 - INFO - Ingreso al módulo de usuarios. Usuario: Jonathan
2023-04-21 02:07:23,762 - INFO - Ingreso al módulo de usuarios. Usuario: Jonathan
2023-04-21 02:07:23,762 - INFO - Ingreso al módulo de usuarios. Usuario: Jonathan
2023-04-21 02:07:23,762 - INFO - Ingreso al módulo de usuarios. Usuario: Jonathan
2023-04-21 02:07:25,298 - INFO - Cerro sesion el usuario Jonathan
2023-04-21 02:07:25,298 - INFO - Cerro sesion el usuario Jonathan
2023-04-21 02:07:25,298 - INFO - Cerro sesion el usuario Jonathan
2023-04-21 02:07:25,298 - INFO - Cerro sesion el usuario Jonathan
2023-04-21 02:07:25,298 - INFO - Cerro sesion el usuario Jonathan
2023-04-21 02:07:25,298 - INFO - Cerro sesion el usuario Jonathan
2023-04-21 02:07:25,298 - INFO - Cerro sesion el usuario Jonathan
2023-04-21 02:07:25,298 - INFO - Cerro sesion el usuario Jonathan
2023-04-21 02:07:25,298 - INFO - Cerro sesion el usuario Jonathan
2023-04-21 02:07:25,298 - INFO - Cerro sesion el usuario Jonathan
2023-04-21 02:07:25,298 - INFO - Cerro sesion el usuario Jonathan
2023-04-21 02:07:25,298 - INFO - Cerro sesion el usuario Jonathan
2023-04-21 02:07:25,298 - INFO - Cerro sesion el usuario Jonathan
2023-04-21 02:07:25,298 - INFO - Cerro sesion el usuario Jonathan
2023-04-21 02:07:25,298 - INFO - Cerro sesion el usuario Jonathan
2023-04-21 02:07:25,298 - INFO - Cerro sesion el usuario Jonathan
2023-04-21 02:07:25,298 - INFO - Cerro sesion el usuario Jonathan
2023-04-21 02:07:25,298 - INFO - Cerro sesion el usuario Jonathan
2023-04-21 02:07:25,298 - INFO - Cerro sesion el usuario Jonathan
2023-04-21 10:30:26,990 - INFO - Inicio sesion el usuario Federico
2023-04-21 10:30:26,990 - INFO - Inicio sesion el usuario Federico
2023-04-21 10:30:26,990 - INFO - Inicio sesion el usuario Federico
2023-04-21 10:30:26,990 - INFO - Inicio sesion el usuario Federico
2023-04-21 10:30:26,990 - INFO - Inicio sesion el usuario Federico
2023-04-21 10:30:26,990 - INFO - Inicio sesion el usuario Federico
2023-04-21 10:30:26,990 - INFO - Inicio sesion el usuario Federico
2023-04-21 10:30:26,990 - INFO - Inicio sesion el usuario Federico
2023-04-21 10:30:26,990 - INFO - Inicio sesion el usuario Federico
2023-04-21 10:30:26,990 - INFO - Inicio sesion el usuario Federico
2023-04-21 10:30:26,990 - INFO - Inicio sesion el usuario Federico
2023-04-21 10:30:26,990 - INFO - Inicio sesion el usuario Federico
2023-04-21 10:30:26,990 - INFO - Inicio sesion el usuario Federico
2023-04-21 10:30:26,990 - INFO - Inicio sesion el usuario Federico
2023-04-21 10:30:26,990 - INFO - Inicio sesion el usuario Federico
2023-04-21 10:30:26,990 - INFO - Inicio sesion el usuario Federico
2023-04-21 10:30:26,990 - INFO - Inicio sesion el usuario Federico
2023-04-21 10:30:26,990 - INFO - Inicio sesion el usuario Federico
2023-04-21 10:30:26,990 - INFO - Inicio sesion el usuario Federico
2023-04-21 10:30:26,990 - INFO - Inicio sesion el usuario Federico
